生成启动时间为 2017/7/13 15:43:47。
     1>项目“C:\Users\Tod\Documents\Visual Studio 2012\Projects\MFCApplication1\MFCApplication1\MFCApplication1.vcxproj”在节点 2 上(Build 个目标)。
     1>ClCompile:
         C:\Program Files (x86)\Microsoft Visual Studio 11.0\VC\bin\CL.exe /c /ZI /nologo /W3 /WX- /sdl /Od /Oy- /D WIN32 /D _WINDOWS /D _DEBUG /D _UNICODE /D UNICODE /D _AFXDLL /Gm /EHsc /RTC1 /MDd /GS /fp:precise /Zc:wchar_t /Zc:forScope /Yu"stdafx.h" /Fp"Debug\MFCApplication1.pch" /Fo"Debug\\" /Fd"Debug\vc110.pdb" /Gd /TP /analyze- /errorReport:prompt CHANGEPASSWORD.cpp EDITSCORE.cpp Fileoperation.cpp HOMEPAGE.cpp MFCApplication1.cpp STUSHOW.cpp memberclass.cpp
         CHANGEPASSWORD.cpp
         正在生成代码...
         正在编译...
         memberclass.cpp
         STUSHOW.cpp
         MFCApplication1.cpp
         HOMEPAGE.cpp
         Fileoperation.cpp
         EDITSCORE.cpp
         正在生成代码...
       Link:
         C:\Program Files (x86)\Microsoft Visual Studio 11.0\VC\bin\link.exe /ERRORREPORT:PROMPT /OUT:"C:\Users\Tod\Documents\Visual Studio 2012\Projects\MFCApplication1\Debug\MFCApplication1.exe" /INCREMENTAL /NOLOGO /MANIFEST /MANIFESTUAC:"level='asInvoker' uiAccess='false'" /manifest:embed /manifestinput:"C:\Program Files (x86)\Microsoft Visual Studio 11.0\VC\Include\Manifest\dpiaware.manifest" /DEBUG /PDB:"C:\Users\Tod\Documents\Visual Studio 2012\Projects\MFCApplication1\Debug\MFCApplication1.pdb" /SUBSYSTEM:WINDOWS /TLBID:1 /ENTRY:"wWinMainCRTStartup" /DYNAMICBASE /NXCOMPAT /IMPLIB:"C:\Users\Tod\Documents\Visual Studio 2012\Projects\MFCApplication1\Debug\MFCApplication1.lib" /MACHINE:X86 Debug\MFCApplication1.res
         Debug\CHANGEPASSWORD.obj
         Debug\EDITSCORE.obj
         Debug\Fileoperation.obj
         Debug\HOMEPAGE.obj
         Debug\memberclass.obj
         Debug\MFCApplication1.obj
         Debug\MFCApplication1Dlg.obj
         Debug\SIGNUP.obj
         Debug\stdafx.obj
         Debug\STUSHOW.obj
         MFCApplication1.vcxproj -> C:\Users\Tod\Documents\Visual Studio 2012\Projects\MFCApplication1\Debug\MFCApplication1.exe
     1>已完成生成项目“C:\Users\Tod\Documents\Visual Studio 2012\Projects\MFCApplication1\MFCApplication1\MFCApplication1.vcxproj”(Build 个目标)的操作。

生成成功。

已用时间 00:00:06.24
